# JRE version: Java(TM) SE Runtime Environment (8.0_45-b14) (build 1.8.0_45-b14)
# Java VM: Java HotSpot(TM) Server VM (25.45-b02 mixed mode linux-x86 )
Heap:
 PSYoungGen      total 49920K, used 1780K [0x91ac0000, 0x94d40000, 0xa7000000)
  eden space 48128K, 0% used [0x91ac0000,0x91ac0000,0x949c0000)
  from space 1792K, 99% used [0x949c0000,0x94b7d118,0x94b80000)
  to   space 1792K, 0% used [0x94b80000,0x94b80000,0x94d40000)
 ParOldGen       total 31488K, used 17776K [0x67000000, 0x68ec0000, 0x91ac0000)
  object space 31488K, 56% used [0x67000000,0x6815c110,0x68ec0000)
 Metaspace       used 3870K, capacity 3902K, committed 3992K, reserved 4400K
GC Heap History (9 events):
Event: 1,877 GC heap before
{Heap before GC invocations=1 (full 0):
 PSYoungGen      total 13824K, used 12032K [0x91ac0000, 0x92a00000, 0xa7000000)
  eden space 12032K, 100% used [0x91ac0000,0x92680000,0x92680000)
  from space 1792K, 0% used [0x92840000,0x92840000,0x92a00000)
  to   space 1792K, 0% used [0x92680000,0x92680000,0x92840000)
 ParOldGen       total 31488K, used 0K [0x67000000, 0x68ec0000, 0x91ac0000)
  object space 31488K, 0% used [0x67000000,0x67000000,0x68ec0000)
 Metaspace       used 3493K, capacity 3614K, committed 3736K, reserved 4400K
Event: 1,897 GC heap after
Heap after GC invocations=1 (full 0):
 PSYoungGen      total 13824K, used 1788K [0x91ac0000, 0x935c0000, 0xa7000000)
  eden space 12032K, 0% used [0x91ac0000,0x91ac0000,0x92680000)
  from space 1792K, 99% used [0x92680000,0x9283f218,0x92840000)
  to   space 1792K, 0% used [0x93400000,0x93400000,0x935c0000)
 ParOldGen       total 31488K, used 1610K [0x67000000, 0x68ec0000, 0x91ac0000)
  object space 31488K, 5% used [0x67000000,0x67192938,0x68ec0000)
 Metaspace       used 3493K, capacity 3614K, committed 3736K, reserved 4400K
}
Event: 2,801 GC heap before
{Heap before GC invocations=2 (full 0):
 PSYoungGen      total 13824K, used 13820K [0x91ac0000, 0x935c0000, 0xa7000000)
  eden space 12032K, 100% used [0x91ac0000,0x92680000,0x92680000)
  from space 1792K, 99% used [0x92680000,0x9283f218,0x92840000)
  to   space 1792K, 0% used [0x93400000,0x93400000,0x935c0000)
 ParOldGen       total 31488K, used 1610K [0x67000000, 0x68ec0000, 0x91ac0000)
  object space 31488K, 5% used [0x67000000,0x67192938,0x68ec0000)
 Metaspace       used 3643K, capacity 3742K, committed 3864K, reserved 4400K
Event: 2,826 GC heap after
Heap after GC invocations=2 (full 0):
 PSYoungGen      total 25856K, used 1790K [0x91ac0000, 0x935c0000, 0xa7000000)
  eden space 24064K, 0% used [0x91ac0000,0x91ac0000,0x93240000)
  from space 1792K, 99% used [0x93400000,0x935bfa60,0x935c0000)
  to   space 1792K, 0% used [0x93240000,0x93240000,0x93400000)
 ParOldGen       total 31488K, used 3508K [0x67000000, 0x68ec0000, 0x91ac0000)
  object space 31488K, 11% used [0x67000000,0x6736d2c8,0x68ec0000)
 Metaspace       used 3643K, capacity 3742K, committed 3864K, reserved 4400K
}
Event: 3,725 GC heap before
{Heap before GC invocations=3 (full 0):
 PSYoungGen      total 25856K, used 25854K [0x91ac0000, 0x935c0000, 0xa7000000)
  eden space 24064K, 100% used [0x91ac0000,0x93240000,0x93240000)
  from space 1792K, 99% used [0x93400000,0x935bfa60,0x935c0000)
  to   space 1792K, 0% used [0x93240000,0x93240000,0x93400000)
 ParOldGen       total 31488K, used 3508K [0x67000000, 0x68ec0000, 0x91ac0000)
  object space 31488K, 11% used [0x67000000,0x6736d2c8,0x68ec0000)
 Metaspace       used 3742K, capacity 3838K, committed 3864K, reserved 4400K
Event: 3,770 GC heap after
Heap after GC invocations=3 (full 0):
 PSYoungGen      total 25856K, used 1783K [0x91ac0000, 0x94d40000, 0xa7000000)
  eden space 24064K, 0% used [0x91ac0000,0x91ac0000,0x93240000)
  from space 1792K, 99% used [0x93240000,0x933fde28,0x93400000)
  to   space 1792K, 0% used [0x94b80000,0x94b80000,0x94d40000)
 ParOldGen       total 31488K, used 7176K [0x67000000, 0x68ec0000, 0x91ac0000)
  object space 31488K, 22% used [0x67000000,0x677021c0,0x68ec0000)
 Metaspace       used 3742K, capacity 3838K, committed 3864K, reserved 4400K
}
Event: 4,388 GC heap before
{Heap before GC invocations=4 (full 0):
 PSYoungGen      total 25856K, used 25847K [0x91ac0000, 0x94d40000, 0xa7000000)
  eden space 24064K, 100% used [0x91ac0000,0x93240000,0x93240000)
  from space 1792K, 99% used [0x93240000,0x933fde28,0x93400000)
  to   space 1792K, 0% used [0x94b80000,0x94b80000,0x94d40000)
 ParOldGen       total 31488K, used 7176K [0x67000000, 0x68ec0000, 0x91ac0000)
  object space 31488K, 22% used [0x67000000,0x677021c0,0x68ec0000)
 Metaspace       used 3791K, capacity 3870K, committed 3992K, reserved 4400K
Event: 4,427 GC heap after
Heap after GC invocations=4 (full 0):
 PSYoungGen      total 49920K, used 1784K [0x91ac0000, 0x94d40000, 0xa7000000)
  eden space 48128K, 0% used [0x91ac0000,0x91ac0000,0x949c0000)
  from space 1792K, 99% used [0x94b80000,0x94d3e338,0x94d40000)
  to   space 1792K, 0% used [0x949c0000,0x949c0000,0x94b80000)
 ParOldGen       total 31488K, used 10910K [0x67000000, 0x68ec0000, 0x91ac0000)
  object space 31488K, 34% used [0x67000000,0x67aa79b8,0x68ec0000)
 Metaspace       used 3791K, capacity 3870K, committed 3992K, reserved 4400K
}
Event: 5,756 GC heap before
{Heap before GC invocations=5 (full 0):
 PSYoungGen      total 49920K, used 49912K [0x91ac0000, 0x94d40000, 0xa7000000)
  eden space 48128K, 100% used [0x91ac0000,0x949c0000,0x949c0000)
  from space 1792K, 99% used [0x94b80000,0x94d3e338,0x94d40000)
  to   space 1792K, 0% used [0x949c0000,0x949c0000,0x94b80000)
 ParOldGen       total 31488K, used 10910K [0x67000000, 0x68ec0000, 0x91ac0000)
  object space 31488K, 34% used [0x67000000,0x67aa79b8,0x68ec0000)
 Metaspace       used 3870K, capacity 3902K, committed 3992K, reserved 4400K

