# JRE version: Java(TM) SE Runtime Environment (8.0_45-b14) (build 1.8.0_45-b14)
# Java VM: Java HotSpot(TM) Server VM (25.45-b02 mixed mode linux-x86 )
Heap:
 PSYoungGen      total 105216K, used 10490K [0x91ac0000, 0x98d40000, 0xa7000000)
  eden space 94720K, 0% used [0x91ac0000,0x91ac0000,0x97740000)
  from space 10496K, 99% used [0x97740000,0x9817e938,0x98180000)
  to   space 8960K, 0% used [0x98180000,0x98180000,0x98a40000)
 ParOldGen       total 31488K, used 28781K [0x67000000, 0x68ec0000, 0x91ac0000)
  object space 31488K, 91% used [0x67000000,0x68c1b410,0x68ec0000)
 Metaspace       used 3900K, capacity 3902K, committed 3992K, reserved 4400K
GC Heap History (10 events):
Event: 2,872 GC heap after
Heap after GC invocations=2 (full 0):
 PSYoungGen      total 25856K, used 1781K [0x91ac0000, 0x935c0000, 0xa7000000)
  eden space 24064K, 0% used [0x91ac0000,0x91ac0000,0x93240000)
  from space 1792K, 99% used [0x93400000,0x935bd530,0x935c0000)
  to   space 1792K, 0% used [0x93240000,0x93240000,0x93400000)
 ParOldGen       total 31488K, used 3484K [0x67000000, 0x68ec0000, 0x91ac0000)
  object space 31488K, 11% used [0x67000000,0x67367220,0x68ec0000)
 Metaspace       used 3635K, capacity 3742K, committed 3864K, reserved 4400K
}
Event: 3,776 GC heap before
{Heap before GC invocations=3 (full 0):
 PSYoungGen      total 25856K, used 25845K [0x91ac0000, 0x935c0000, 0xa7000000)
  eden space 24064K, 100% used [0x91ac0000,0x93240000,0x93240000)
  from space 1792K, 99% used [0x93400000,0x935bd530,0x935c0000)
  to   space 1792K, 0% used [0x93240000,0x93240000,0x93400000)
 ParOldGen       total 31488K, used 3484K [0x67000000, 0x68ec0000, 0x91ac0000)
  object space 31488K, 11% used [0x67000000,0x67367220,0x68ec0000)
 Metaspace       used 3734K, capacity 3838K, committed 3864K, reserved 4400K
Event: 3,825 GC heap after
Heap after GC invocations=3 (full 0):
 PSYoungGen      total 25856K, used 1791K [0x91ac0000, 0x94d40000, 0xa7000000)
  eden space 24064K, 0% used [0x91ac0000,0x91ac0000,0x93240000)
  from space 1792K, 99% used [0x93240000,0x933ffe18,0x93400000)
  to   space 1792K, 0% used [0x94b80000,0x94b80000,0x94d40000)
 ParOldGen       total 31488K, used 7090K [0x67000000, 0x68ec0000, 0x91ac0000)
  object space 31488K, 22% used [0x67000000,0x676eca18,0x68ec0000)
 Metaspace       used 3734K, capacity 3838K, committed 3864K, reserved 4400K
}
Event: 4,441 GC heap before
{Heap before GC invocations=4 (full 0):
 PSYoungGen      total 25856K, used 25855K [0x91ac0000, 0x94d40000, 0xa7000000)
  eden space 24064K, 100% used [0x91ac0000,0x93240000,0x93240000)
  from space 1792K, 99% used [0x93240000,0x933ffe18,0x93400000)
  to   space 1792K, 0% used [0x94b80000,0x94b80000,0x94d40000)
 ParOldGen       total 31488K, used 7090K [0x67000000, 0x68ec0000, 0x91ac0000)
  object space 31488K, 22% used [0x67000000,0x676eca18,0x68ec0000)
 Metaspace       used 3786K, capacity 3870K, committed 3992K, reserved 4400K
Event: 4,501 GC heap after
Heap after GC invocations=4 (full 0):
 PSYoungGen      total 49920K, used 1789K [0x91ac0000, 0x94d40000, 0xa7000000)
  eden space 48128K, 0% used [0x91ac0000,0x91ac0000,0x949c0000)
  from space 1792K, 99% used [0x94b80000,0x94d3f620,0x94d40000)
  to   space 1792K, 0% used [0x949c0000,0x949c0000,0x94b80000)
 ParOldGen       total 31488K, used 10839K [0x67000000, 0x68ec0000, 0x91ac0000)
  object space 31488K, 34% used [0x67000000,0x67a95f28,0x68ec0000)
 Metaspace       used 3786K, capacity 3870K, committed 3992K, reserved 4400K
}
Event: 6,094 GC heap before
{Heap before GC invocations=5 (full 0):
 PSYoungGen      total 49920K, used 49917K [0x91ac0000, 0x94d40000, 0xa7000000)
  eden space 48128K, 100% used [0x91ac0000,0x949c0000,0x949c0000)
  from space 1792K, 99% used [0x94b80000,0x94d3f620,0x94d40000)
  to   space 1792K, 0% used [0x949c0000,0x949c0000,0x94b80000)
 ParOldGen       total 31488K, used 10839K [0x67000000, 0x68ec0000, 0x91ac0000)
  object space 31488K, 34% used [0x67000000,0x67a95f28,0x68ec0000)
 Metaspace       used 3866K, capacity 3902K, committed 3992K, reserved 4400K
Event: 6,194 GC heap after
Heap after GC invocations=5 (full 0):
 PSYoungGen      total 49920K, used 1786K [0x91ac0000, 0x98a40000, 0xa7000000)
  eden space 48128K, 0% used [0x91ac0000,0x91ac0000,0x949c0000)
  from space 1792K, 99% used [0x949c0000,0x94b7e808,0x94b80000)
  to   space 8960K, 0% used [0x98180000,0x98180000,0x98a40000)
 ParOldGen       total 31488K, used 17714K [0x67000000, 0x68ec0000, 0x91ac0000)
  object space 31488K, 56% used [0x67000000,0x6814cb88,0x68ec0000)
 Metaspace       used 3866K, capacity 3902K, committed 3992K, reserved 4400K
}
Event: 7,618 GC heap before
{Heap before GC invocations=6 (full 0):
 PSYoungGen      total 49920K, used 49914K [0x91ac0000, 0x98a40000, 0xa7000000)
  eden space 48128K, 100% used [0x91ac0000,0x949c0000,0x949c0000)
  from space 1792K, 99% used [0x949c0000,0x94b7e808,0x94b80000)
  to   space 8960K, 0% used [0x98180000,0x98180000,0x98a40000)
 ParOldGen       total 31488K, used 17714K [0x67000000, 0x68ec0000, 0x91ac0000)
  object space 31488K, 56% used [0x67000000,0x6814cb88,0x68ec0000)
 Metaspace       used 3874K, capacity 3902K, committed 3992K, reserved 4400K
Event: 7,824 GC heap after
Heap after GC invocations=6 (full 0):
 PSYoungGen      total 103680K, used 8956K [0x91ac0000, 0x98d40000, 0xa7000000)
  eden space 94720K, 0% used [0x91ac0000,0x91ac0000,0x97740000)
  from space 8960K, 99% used [0x98180000,0x98a3f180,0x98a40000)
  to   space 10496K, 0% used [0x97740000,0x97740000,0x98180000)
 ParOldGen       total 31488K, used 17779K [0x67000000, 0x68ec0000, 0x91ac0000)
  object space 31488K, 56% used [0x67000000,0x6815cfd0,0x68ec0000)
 Metaspace       used 3874K, capacity 3902K, committed 3992K, reserved 4400K
}
Event: 13,229 GC heap before
{Heap before GC invocations=7 (full 0):
 PSYoungGen      total 103680K, used 103676K [0x91ac0000, 0x98d40000, 0xa7000000)
  eden space 94720K, 100% used [0x91ac0000,0x97740000,0x97740000)
  from space 8960K, 99% used [0x98180000,0x98a3f180,0x98a40000)
  to   space 10496K, 0% used [0x97740000,0x97740000,0x98180000)
 ParOldGen       total 31488K, used 17779K [0x67000000, 0x68ec0000, 0x91ac0000)
  object space 31488K, 56% used [0x67000000,0x6815cfd0,0x68ec0000)
 Metaspace       used 3900K, capacity 3902K, committed 3992K, reserved 4400K

