# JRE version: Java(TM) SE Runtime Environment (8.0_45-b14) (build 1.8.0_45-b14)
# Java VM: Java HotSpot(TM) Server VM (25.45-b02 mixed mode linux-x86 )
Heap:
 PSYoungGen      total 49920K, used 1782K [0x91ac0000, 0x94d40000, 0xa7000000)
  eden space 48128K, 0% used [0x91ac0000,0x91ac0000,0x949c0000)
  from space 1792K, 99% used [0x949c0000,0x94b7d808,0x94b80000)
  to   space 1792K, 0% used [0x94b80000,0x94b80000,0x94d40000)
 ParOldGen       total 31488K, used 17654K [0x67000000, 0x68ec0000, 0x91ac0000)
  object space 31488K, 56% used [0x67000000,0x6813d898,0x68ec0000)
 Metaspace       used 3860K, capacity 3902K, committed 3992K, reserved 4400K
GC Heap History (9 events):
Event: 1,635 GC heap before
{Heap before GC invocations=1 (full 0):
 PSYoungGen      total 13824K, used 12032K [0x91ac0000, 0x92a00000, 0xa7000000)
  eden space 12032K, 100% used [0x91ac0000,0x92680000,0x92680000)
  from space 1792K, 0% used [0x92840000,0x92840000,0x92a00000)
  to   space 1792K, 0% used [0x92680000,0x92680000,0x92840000)
 ParOldGen       total 31488K, used 0K [0x67000000, 0x68ec0000, 0x91ac0000)
  object space 31488K, 0% used [0x67000000,0x67000000,0x68ec0000)
 Metaspace       used 3475K, capacity 3614K, committed 3736K, reserved 4400K
Event: 1,662 GC heap after
Heap after GC invocations=1 (full 0):
 PSYoungGen      total 13824K, used 1788K [0x91ac0000, 0x935c0000, 0xa7000000)
  eden space 12032K, 0% used [0x91ac0000,0x91ac0000,0x92680000)
  from space 1792K, 99% used [0x92680000,0x9283f218,0x92840000)
  to   space 1792K, 0% used [0x93400000,0x93400000,0x935c0000)
 ParOldGen       total 31488K, used 1579K [0x67000000, 0x68ec0000, 0x91ac0000)
  object space 31488K, 5% used [0x67000000,0x6718af28,0x68ec0000)
 Metaspace       used 3475K, capacity 3614K, committed 3736K, reserved 4400K
}
Event: 2,473 GC heap before
{Heap before GC invocations=2 (full 0):
 PSYoungGen      total 13824K, used 13820K [0x91ac0000, 0x935c0000, 0xa7000000)
  eden space 12032K, 100% used [0x91ac0000,0x92680000,0x92680000)
  from space 1792K, 99% used [0x92680000,0x9283f218,0x92840000)
  to   space 1792K, 0% used [0x93400000,0x93400000,0x935c0000)
 ParOldGen       total 31488K, used 1579K [0x67000000, 0x68ec0000, 0x91ac0000)
  object space 31488K, 5% used [0x67000000,0x6718af28,0x68ec0000)
 Metaspace       used 3628K, capacity 3742K, committed 3864K, reserved 4400K
Event: 2,491 GC heap after
Heap after GC invocations=2 (full 0):
 PSYoungGen      total 25856K, used 1789K [0x91ac0000, 0x935c0000, 0xa7000000)
  eden space 24064K, 0% used [0x91ac0000,0x91ac0000,0x93240000)
  from space 1792K, 99% used [0x93400000,0x935bf520,0x935c0000)
  to   space 1792K, 0% used [0x93240000,0x93240000,0x93400000)
 ParOldGen       total 31488K, used 3472K [0x67000000, 0x68ec0000, 0x91ac0000)
  object space 31488K, 11% used [0x67000000,0x673642f8,0x68ec0000)
 Metaspace       used 3628K, capacity 3742K, committed 3864K, reserved 4400K
}
Event: 3,563 GC heap before
{Heap before GC invocations=3 (full 0):
 PSYoungGen      total 25856K, used 25853K [0x91ac0000, 0x935c0000, 0xa7000000)
  eden space 24064K, 100% used [0x91ac0000,0x93240000,0x93240000)
  from space 1792K, 99% used [0x93400000,0x935bf520,0x935c0000)
  to   space 1792K, 0% used [0x93240000,0x93240000,0x93400000)
 ParOldGen       total 31488K, used 3472K [0x67000000, 0x68ec0000, 0x91ac0000)
  object space 31488K, 11% used [0x67000000,0x673642f8,0x68ec0000)
 Metaspace       used 3733K, capacity 3838K, committed 3864K, reserved 4400K
Event: 3,614 GC heap after
Heap after GC invocations=3 (full 0):
 PSYoungGen      total 25856K, used 1789K [0x91ac0000, 0x94d40000, 0xa7000000)
  eden space 24064K, 0% used [0x91ac0000,0x91ac0000,0x93240000)
  from space 1792K, 99% used [0x93240000,0x933ff6b0,0x93400000)
  to   space 1792K, 0% used [0x94b80000,0x94b80000,0x94d40000)
 ParOldGen       total 31488K, used 7075K [0x67000000, 0x68ec0000, 0x91ac0000)
  object space 31488K, 22% used [0x67000000,0x676e8c78,0x68ec0000)
 Metaspace       used 3733K, capacity 3838K, committed 3864K, reserved 4400K
}
Event: 4,260 GC heap before
{Heap before GC invocations=4 (full 0):
 PSYoungGen      total 25856K, used 25853K [0x91ac0000, 0x94d40000, 0xa7000000)
  eden space 24064K, 100% used [0x91ac0000,0x93240000,0x93240000)
  from space 1792K, 99% used [0x93240000,0x933ff6b0,0x93400000)
  to   space 1792K, 0% used [0x94b80000,0x94b80000,0x94d40000)
 ParOldGen       total 31488K, used 7075K [0x67000000, 0x68ec0000, 0x91ac0000)
  object space 31488K, 22% used [0x67000000,0x676e8c78,0x68ec0000)
 Metaspace       used 3780K, capacity 3870K, committed 3992K, reserved 4400K
Event: 4,305 GC heap after
Heap after GC invocations=4 (full 0):
 PSYoungGen      total 49920K, used 1776K [0x91ac0000, 0x94d40000, 0xa7000000)
  eden space 48128K, 0% used [0x91ac0000,0x91ac0000,0x949c0000)
  from space 1792K, 99% used [0x94b80000,0x94d3c2f8,0x94d40000)
  to   space 1792K, 0% used [0x949c0000,0x949c0000,0x94b80000)
 ParOldGen       total 31488K, used 10834K [0x67000000, 0x68ec0000, 0x91ac0000)
  object space 31488K, 34% used [0x67000000,0x67a948d0,0x68ec0000)
 Metaspace       used 3780K, capacity 3870K, committed 3992K, reserved 4400K
}
Event: 5,471 GC heap before
{Heap before GC invocations=5 (full 0):
 PSYoungGen      total 49920K, used 49904K [0x91ac0000, 0x94d40000, 0xa7000000)
  eden space 48128K, 100% used [0x91ac0000,0x949c0000,0x949c0000)
  from space 1792K, 99% used [0x94b80000,0x94d3c2f8,0x94d40000)
  to   space 1792K, 0% used [0x949c0000,0x949c0000,0x94b80000)
 ParOldGen       total 31488K, used 10834K [0x67000000, 0x68ec0000, 0x91ac0000)
  object space 31488K, 34% used [0x67000000,0x67a948d0,0x68ec0000)
 Metaspace       used 3860K, capacity 3902K, committed 3992K, reserved 4400K

