# JRE version: Java(TM) SE Runtime Environment (8.0_45-b14) (build 1.8.0_45-b14)
# Java VM: Java HotSpot(TM) Server VM (25.45-b02 mixed mode linux-x86 )
Heap:
 PSYoungGen      total 49920K, used 1788K [0x91ac0000, 0x94d40000, 0xa7000000)
  eden space 48128K, 0% used [0x91ac0000,0x91ac0000,0x949c0000)
  from space 1792K, 99% used [0x949c0000,0x94b7f398,0x94b80000)
  to   space 1792K, 0% used [0x94b80000,0x94b80000,0x94d40000)
 ParOldGen       total 31488K, used 17584K [0x67000000, 0x68ec0000, 0x91ac0000)
  object space 31488K, 55% used [0x67000000,0x6812c350,0x68ec0000)
 Metaspace       used 3796K, capacity 3870K, committed 3992K, reserved 4400K
GC Heap History (9 events):
Event: 1,642 GC heap before
{Heap before GC invocations=1 (full 0):
 PSYoungGen      total 13824K, used 12032K [0x91ac0000, 0x92a00000, 0xa7000000)
  eden space 12032K, 100% used [0x91ac0000,0x92680000,0x92680000)
  from space 1792K, 0% used [0x92840000,0x92840000,0x92a00000)
  to   space 1792K, 0% used [0x92680000,0x92680000,0x92840000)
 ParOldGen       total 31488K, used 0K [0x67000000, 0x68ec0000, 0x91ac0000)
  object space 31488K, 0% used [0x67000000,0x67000000,0x68ec0000)
 Metaspace       used 3446K, capacity 3582K, committed 3608K, reserved 4400K
Event: 1,661 GC heap after
Heap after GC invocations=1 (full 0):
 PSYoungGen      total 13824K, used 1786K [0x91ac0000, 0x935c0000, 0xa7000000)
  eden space 12032K, 0% used [0x91ac0000,0x91ac0000,0x92680000)
  from space 1792K, 99% used [0x92680000,0x9283ead0,0x92840000)
  to   space 1792K, 0% used [0x93400000,0x93400000,0x935c0000)
 ParOldGen       total 31488K, used 1632K [0x67000000, 0x68ec0000, 0x91ac0000)
  object space 31488K, 5% used [0x67000000,0x671980c8,0x68ec0000)
 Metaspace       used 3446K, capacity 3582K, committed 3608K, reserved 4400K
}
Event: 2,583 GC heap before
{Heap before GC invocations=2 (full 0):
 PSYoungGen      total 13824K, used 13818K [0x91ac0000, 0x935c0000, 0xa7000000)
  eden space 12032K, 100% used [0x91ac0000,0x92680000,0x92680000)
  from space 1792K, 99% used [0x92680000,0x9283ead0,0x92840000)
  to   space 1792K, 0% used [0x93400000,0x93400000,0x935c0000)
 ParOldGen       total 31488K, used 1632K [0x67000000, 0x68ec0000, 0x91ac0000)
  object space 31488K, 5% used [0x67000000,0x671980c8,0x68ec0000)
 Metaspace       used 3626K, capacity 3742K, committed 3864K, reserved 4400K
Event: 2,612 GC heap after
Heap after GC invocations=2 (full 0):
 PSYoungGen      total 25856K, used 1788K [0x91ac0000, 0x935c0000, 0xa7000000)
  eden space 24064K, 0% used [0x91ac0000,0x91ac0000,0x93240000)
  from space 1792K, 99% used [0x93400000,0x935bf2f0,0x935c0000)
  to   space 1792K, 0% used [0x93240000,0x93240000,0x93400000)
 ParOldGen       total 31488K, used 3544K [0x67000000, 0x68ec0000, 0x91ac0000)
  object space 31488K, 11% used [0x67000000,0x67376390,0x68ec0000)
 Metaspace       used 3626K, capacity 3742K, committed 3864K, reserved 4400K
}
Event: 3,473 GC heap before
{Heap before GC invocations=3 (full 0):
 PSYoungGen      total 25856K, used 25852K [0x91ac0000, 0x935c0000, 0xa7000000)
  eden space 24064K, 100% used [0x91ac0000,0x93240000,0x93240000)
  from space 1792K, 99% used [0x93400000,0x935bf2f0,0x935c0000)
  to   space 1792K, 0% used [0x93240000,0x93240000,0x93400000)
 ParOldGen       total 31488K, used 3544K [0x67000000, 0x68ec0000, 0x91ac0000)
  object space 31488K, 11% used [0x67000000,0x67376390,0x68ec0000)
 Metaspace       used 3727K, capacity 3838K, committed 3864K, reserved 4400K
Event: 3,528 GC heap after
Heap after GC invocations=3 (full 0):
 PSYoungGen      total 25856K, used 1785K [0x91ac0000, 0x94d40000, 0xa7000000)
  eden space 24064K, 0% used [0x91ac0000,0x91ac0000,0x93240000)
  from space 1792K, 99% used [0x93240000,0x933fe400,0x93400000)
  to   space 1792K, 0% used [0x94b80000,0x94b80000,0x94d40000)
 ParOldGen       total 31488K, used 6949K [0x67000000, 0x68ec0000, 0x91ac0000)
  object space 31488K, 22% used [0x67000000,0x676c97e8,0x68ec0000)
 Metaspace       used 3727K, capacity 3838K, committed 3864K, reserved 4400K
}
Event: 4,193 GC heap before
{Heap before GC invocations=4 (full 0):
 PSYoungGen      total 25856K, used 25849K [0x91ac0000, 0x94d40000, 0xa7000000)
  eden space 24064K, 100% used [0x91ac0000,0x93240000,0x93240000)
  from space 1792K, 99% used [0x93240000,0x933fe400,0x93400000)
  to   space 1792K, 0% used [0x94b80000,0x94b80000,0x94d40000)
 ParOldGen       total 31488K, used 6949K [0x67000000, 0x68ec0000, 0x91ac0000)
  object space 31488K, 22% used [0x67000000,0x676c97e8,0x68ec0000)
 Metaspace       used 3765K, capacity 3870K, committed 3992K, reserved 4400K
Event: 4,248 GC heap after
Heap after GC invocations=4 (full 0):
 PSYoungGen      total 49920K, used 1777K [0x91ac0000, 0x94d40000, 0xa7000000)
  eden space 48128K, 0% used [0x91ac0000,0x91ac0000,0x949c0000)
  from space 1792K, 99% used [0x94b80000,0x94d3c5b8,0x94d40000)
  to   space 1792K, 0% used [0x949c0000,0x949c0000,0x94b80000)
 ParOldGen       total 31488K, used 10146K [0x67000000, 0x68ec0000, 0x91ac0000)
  object space 31488K, 32% used [0x67000000,0x679e8ba0,0x68ec0000)
 Metaspace       used 3765K, capacity 3870K, committed 3992K, reserved 4400K
}
Event: 5,376 GC heap before
{Heap before GC invocations=5 (full 0):
 PSYoungGen      total 49920K, used 49905K [0x91ac0000, 0x94d40000, 0xa7000000)
  eden space 48128K, 100% used [0x91ac0000,0x949c0000,0x949c0000)
  from space 1792K, 99% used [0x94b80000,0x94d3c5b8,0x94d40000)
  to   space 1792K, 0% used [0x949c0000,0x949c0000,0x94b80000)
 ParOldGen       total 31488K, used 10146K [0x67000000, 0x68ec0000, 0x91ac0000)
  object space 31488K, 32% used [0x67000000,0x679e8ba0,0x68ec0000)
 Metaspace       used 3796K, capacity 3870K, committed 3992K, reserved 4400K

