# JRE version: Java(TM) SE Runtime Environment (8.0_45-b14) (build 1.8.0_45-b14)
# Java VM: Java HotSpot(TM) Server VM (25.45-b02 mixed mode linux-x86 )
Heap:
 PSYoungGen      total 104704K, used 12022K [0x91ac0000, 0x98f40000, 0xa7000000)
  eden space 92672K, 0% used [0x91ac0000,0x91ac0000,0x97540000)
  from space 12032K, 99% used [0x97540000,0x980fd828,0x98100000)
  to   space 9472K, 0% used [0x98100000,0x98100000,0x98a40000)
 ParOldGen       total 33024K, used 32945K [0x67000000, 0x69040000, 0x91ac0000)
  object space 33024K, 99% used [0x67000000,0x6902c4e8,0x69040000)
 Metaspace       used 3839K, capacity 3934K, committed 3992K, reserved 4400K
GC Heap History (10 events):
Event: 3,866 GC heap after
Heap after GC invocations=4 (full 0):
 PSYoungGen      total 25856K, used 1791K [0x91ac0000, 0x935c0000, 0xa7000000)
  eden space 24064K, 0% used [0x91ac0000,0x91ac0000,0x93240000)
  from space 1792K, 99% used [0x93400000,0x935bfeb0,0x935c0000)
  to   space 1792K, 0% used [0x93240000,0x93240000,0x93400000)
 ParOldGen       total 31488K, used 7539K [0x67000000, 0x68ec0000, 0x91ac0000)
  object space 31488K, 23% used [0x67000000,0x6775cd68,0x68ec0000)
 Metaspace       used 3743K, capacity 3838K, committed 3864K, reserved 4400K
}
Event: 4,498 GC heap before
{Heap before GC invocations=5 (full 0):
 PSYoungGen      total 25856K, used 25855K [0x91ac0000, 0x935c0000, 0xa7000000)
  eden space 24064K, 100% used [0x91ac0000,0x93240000,0x93240000)
  from space 1792K, 99% used [0x93400000,0x935bfeb0,0x935c0000)
  to   space 1792K, 0% used [0x93240000,0x93240000,0x93400000)
 ParOldGen       total 31488K, used 7539K [0x67000000, 0x68ec0000, 0x91ac0000)
  object space 31488K, 23% used [0x67000000,0x6775cd68,0x68ec0000)
 Metaspace       used 3774K, capacity 3870K, committed 3992K, reserved 4400K
Event: 4,621 GC heap after
Heap after GC invocations=5 (full 0):
 PSYoungGen      total 25856K, used 1788K [0x91ac0000, 0x95340000, 0xa7000000)
  eden space 24064K, 0% used [0x91ac0000,0x91ac0000,0x93240000)
  from space 1792K, 99% used [0x93240000,0x933ff240,0x93400000)
  to   space 4864K, 0% used [0x94e80000,0x94e80000,0x95340000)
 ParOldGen       total 31488K, used 10782K [0x67000000, 0x68ec0000, 0x91ac0000)
  object space 31488K, 34% used [0x67000000,0x67a87b28,0x68ec0000)
 Metaspace       used 3774K, capacity 3870K, committed 3992K, reserved 4400K
}
Event: 5,084 GC heap before
{Heap before GC invocations=6 (full 0):
 PSYoungGen      total 25856K, used 25852K [0x91ac0000, 0x95340000, 0xa7000000)
  eden space 24064K, 100% used [0x91ac0000,0x93240000,0x93240000)
  from space 1792K, 99% used [0x93240000,0x933ff240,0x93400000)
  to   space 4864K, 0% used [0x94e80000,0x94e80000,0x95340000)
 ParOldGen       total 31488K, used 10782K [0x67000000, 0x68ec0000, 0x91ac0000)
  object space 31488K, 34% used [0x67000000,0x67a87b28,0x68ec0000)
 Metaspace       used 3779K, capacity 3870K, committed 3992K, reserved 4400K
Event: 5,145 GC heap after
Heap after GC invocations=6 (full 0):
 PSYoungGen      total 52480K, used 4858K [0x91ac0000, 0x95440000, 0xa7000000)
  eden space 47616K, 0% used [0x91ac0000,0x91ac0000,0x94940000)
  from space 4864K, 99% used [0x94e80000,0x9533eb58,0x95340000)
  to   space 5376K, 0% used [0x94940000,0x94940000,0x94e80000)
 ParOldGen       total 31488K, used 11091K [0x67000000, 0x68ec0000, 0x91ac0000)
  object space 31488K, 35% used [0x67000000,0x67ad4ce8,0x68ec0000)
 Metaspace       used 3779K, capacity 3870K, committed 3992K, reserved 4400K
}
Event: 8,868 GC heap before
{Heap before GC invocations=7 (full 0):
 PSYoungGen      total 52480K, used 52474K [0x91ac0000, 0x95440000, 0xa7000000)
  eden space 47616K, 100% used [0x91ac0000,0x94940000,0x94940000)
  from space 4864K, 99% used [0x94e80000,0x9533eb58,0x95340000)
  to   space 5376K, 0% used [0x94940000,0x94940000,0x94e80000)
 ParOldGen       total 31488K, used 11091K [0x67000000, 0x68ec0000, 0x91ac0000)
  object space 31488K, 35% used [0x67000000,0x67ad4ce8,0x68ec0000)
 Metaspace       used 3803K, capacity 3902K, committed 3992K, reserved 4400K
Event: 8,984 GC heap after
Heap after GC invocations=7 (full 0):
 PSYoungGen      total 52992K, used 5361K [0x91ac0000, 0x98a40000, 0xa7000000)
  eden space 47616K, 0% used [0x91ac0000,0x91ac0000,0x94940000)
  from space 5376K, 99% used [0x94940000,0x94e7c7f0,0x94e80000)
  to   space 9472K, 0% used [0x98100000,0x98100000,0x98a40000)
 ParOldGen       total 31488K, used 18206K [0x67000000, 0x68ec0000, 0x91ac0000)
  object space 31488K, 57% used [0x67000000,0x681c7998,0x68ec0000)
 Metaspace       used 3803K, capacity 3902K, committed 3992K, reserved 4400K
}
Event: 10,948 GC heap before
{Heap before GC invocations=8 (full 0):
 PSYoungGen      total 52992K, used 52977K [0x91ac0000, 0x98a40000, 0xa7000000)
  eden space 47616K, 100% used [0x91ac0000,0x94940000,0x94940000)
  from space 5376K, 99% used [0x94940000,0x94e7c7f0,0x94e80000)
  to   space 9472K, 0% used [0x98100000,0x98100000,0x98a40000)
 ParOldGen       total 31488K, used 18206K [0x67000000, 0x68ec0000, 0x91ac0000)
  object space 31488K, 57% used [0x67000000,0x681c7998,0x68ec0000)
 Metaspace       used 3824K, capacity 3902K, committed 3992K, reserved 4400K
Event: 11,327 GC heap after
Heap after GC invocations=8 (full 0):
 PSYoungGen      total 102144K, used 9459K [0x91ac0000, 0x98f40000, 0xa7000000)
  eden space 92672K, 0% used [0x91ac0000,0x91ac0000,0x97540000)
  from space 9472K, 99% used [0x98100000,0x98a3cf68,0x98a40000)
  to   space 12032K, 0% used [0x97540000,0x97540000,0x98100000)
 ParOldGen       total 31488K, used 21230K [0x67000000, 0x68ec0000, 0x91ac0000)
  object space 31488K, 67% used [0x67000000,0x684bb800,0x68ec0000)
 Metaspace       used 3824K, capacity 3902K, committed 3992K, reserved 4400K
}
Event: 14,270 GC heap before
{Heap before GC invocations=9 (full 0):
 PSYoungGen      total 102144K, used 102131K [0x91ac0000, 0x98f40000, 0xa7000000)
  eden space 92672K, 100% used [0x91ac0000,0x97540000,0x97540000)
  from space 9472K, 99% used [0x98100000,0x98a3cf68,0x98a40000)
  to   space 12032K, 0% used [0x97540000,0x97540000,0x98100000)
 ParOldGen       total 31488K, used 21230K [0x67000000, 0x68ec0000, 0x91ac0000)
  object space 31488K, 67% used [0x67000000,0x684bb800,0x68ec0000)
 Metaspace       used 3839K, capacity 3934K, committed 3992K, reserved 4400K

