# JRE version: Java(TM) SE Runtime Environment (8.0_45-b14) (build 1.8.0_45-b14)
# Java VM: Java HotSpot(TM) Server VM (25.45-b02 mixed mode linux-x86 )
Heap:
 PSYoungGen      total 52992K, used 5372K [0x91ac0000, 0x95440000, 0xa7000000)
  eden space 47616K, 0% used [0x91ac0000,0x91ac0000,0x94940000)
  from space 5376K, 99% used [0x94940000,0x94e7f260,0x94e80000)
  to   space 4864K, 0% used [0x94e80000,0x94e80000,0x95340000)
 ParOldGen       total 31488K, used 17912K [0x67000000, 0x68ec0000, 0x91ac0000)
  object space 31488K, 56% used [0x67000000,0x6817e0c8,0x68ec0000)
 Metaspace       used 3802K, capacity 3902K, committed 3992K, reserved 4400K
GC Heap History (10 events):
Event: 2,771 GC heap after
Heap after GC invocations=2 (full 0):
 PSYoungGen      total 13824K, used 1788K [0x91ac0000, 0x935c0000, 0xa7000000)
  eden space 12032K, 0% used [0x91ac0000,0x91ac0000,0x92680000)
  from space 1792K, 99% used [0x92840000,0x929ff2d8,0x92a00000)
  to   space 1792K, 0% used [0x92680000,0x92680000,0x92840000)
 ParOldGen       total 31488K, used 3547K [0x67000000, 0x68ec0000, 0x91ac0000)
  object space 31488K, 11% used [0x67000000,0x67376c40,0x68ec0000)
 Metaspace       used 3634K, capacity 3742K, committed 3864K, reserved 4400K
}
Event: 3,325 GC heap before
{Heap before GC invocations=3 (full 0):
 PSYoungGen      total 13824K, used 13820K [0x91ac0000, 0x935c0000, 0xa7000000)
  eden space 12032K, 100% used [0x91ac0000,0x92680000,0x92680000)
  from space 1792K, 99% used [0x92840000,0x929ff2d8,0x92a00000)
  to   space 1792K, 0% used [0x92680000,0x92680000,0x92840000)
 ParOldGen       total 31488K, used 3547K [0x67000000, 0x68ec0000, 0x91ac0000)
  object space 31488K, 11% used [0x67000000,0x67376c40,0x68ec0000)
 Metaspace       used 3704K, capacity 3806K, committed 3864K, reserved 4400K
Event: 3,373 GC heap after
Heap after GC invocations=3 (full 0):
 PSYoungGen      total 13824K, used 1785K [0x91ac0000, 0x935c0000, 0xa7000000)
  eden space 12032K, 0% used [0x91ac0000,0x91ac0000,0x92680000)
  from space 1792K, 99% used [0x92680000,0x9283e448,0x92840000)
  to   space 1792K, 0% used [0x93400000,0x93400000,0x935c0000)
 ParOldGen       total 31488K, used 5642K [0x67000000, 0x68ec0000, 0x91ac0000)
  object space 31488K, 17% used [0x67000000,0x67582970,0x68ec0000)
 Metaspace       used 3704K, capacity 3806K, committed 3864K, reserved 4400K
}
Event: 3,655 GC heap before
{Heap before GC invocations=4 (full 0):
 PSYoungGen      total 13824K, used 13817K [0x91ac0000, 0x935c0000, 0xa7000000)
  eden space 12032K, 100% used [0x91ac0000,0x92680000,0x92680000)
  from space 1792K, 99% used [0x92680000,0x9283e448,0x92840000)
  to   space 1792K, 0% used [0x93400000,0x93400000,0x935c0000)
 ParOldGen       total 31488K, used 5642K [0x67000000, 0x68ec0000, 0x91ac0000)
  object space 31488K, 17% used [0x67000000,0x67582970,0x68ec0000)
 Metaspace       used 3742K, capacity 3838K, committed 3864K, reserved 4400K
Event: 3,695 GC heap after
Heap after GC invocations=4 (full 0):
 PSYoungGen      total 25856K, used 1789K [0x91ac0000, 0x935c0000, 0xa7000000)
  eden space 24064K, 0% used [0x91ac0000,0x91ac0000,0x93240000)
  from space 1792K, 99% used [0x93400000,0x935bf410,0x935c0000)
  to   space 1792K, 0% used [0x93240000,0x93240000,0x93400000)
 ParOldGen       total 31488K, used 7452K [0x67000000, 0x68ec0000, 0x91ac0000)
  object space 31488K, 23% used [0x67000000,0x677470c0,0x68ec0000)
 Metaspace       used 3742K, capacity 3838K, committed 3864K, reserved 4400K
}
Event: 4,190 GC heap before
{Heap before GC invocations=5 (full 0):
 PSYoungGen      total 25856K, used 25853K [0x91ac0000, 0x935c0000, 0xa7000000)
  eden space 24064K, 100% used [0x91ac0000,0x93240000,0x93240000)
  from space 1792K, 99% used [0x93400000,0x935bf410,0x935c0000)
  to   space 1792K, 0% used [0x93240000,0x93240000,0x93400000)
 ParOldGen       total 31488K, used 7452K [0x67000000, 0x68ec0000, 0x91ac0000)
  object space 31488K, 23% used [0x67000000,0x677470c0,0x68ec0000)
 Metaspace       used 3764K, capacity 3870K, committed 3992K, reserved 4400K
Event: 4,244 GC heap after
Heap after GC invocations=5 (full 0):
 PSYoungGen      total 25856K, used 1779K [0x91ac0000, 0x95340000, 0xa7000000)
  eden space 24064K, 0% used [0x91ac0000,0x91ac0000,0x93240000)
  from space 1792K, 99% used [0x93240000,0x933fcd48,0x93400000)
  to   space 4864K, 0% used [0x94e80000,0x94e80000,0x95340000)
 ParOldGen       total 31488K, used 10710K [0x67000000, 0x68ec0000, 0x91ac0000)
  object space 31488K, 34% used [0x67000000,0x67a75ae8,0x68ec0000)
 Metaspace       used 3764K, capacity 3870K, committed 3992K, reserved 4400K
}
Event: 4,786 GC heap before
{Heap before GC invocations=6 (full 0):
 PSYoungGen      total 25856K, used 25843K [0x91ac0000, 0x95340000, 0xa7000000)
  eden space 24064K, 100% used [0x91ac0000,0x93240000,0x93240000)
  from space 1792K, 99% used [0x93240000,0x933fcd48,0x93400000)
  to   space 4864K, 0% used [0x94e80000,0x94e80000,0x95340000)
 ParOldGen       total 31488K, used 10710K [0x67000000, 0x68ec0000, 0x91ac0000)
  object space 31488K, 34% used [0x67000000,0x67a75ae8,0x68ec0000)
 Metaspace       used 3779K, capacity 3870K, committed 3992K, reserved 4400K
Event: 4,838 GC heap after
Heap after GC invocations=6 (full 0):
 PSYoungGen      total 52480K, used 4862K [0x91ac0000, 0x95440000, 0xa7000000)
  eden space 47616K, 0% used [0x91ac0000,0x91ac0000,0x94940000)
  from space 4864K, 99% used [0x94e80000,0x9533f900,0x95340000)
  to   space 5376K, 0% used [0x94940000,0x94940000,0x94e80000)
 ParOldGen       total 31488K, used 10959K [0x67000000, 0x68ec0000, 0x91ac0000)
  object space 31488K, 34% used [0x67000000,0x67ab3e50,0x68ec0000)
 Metaspace       used 3779K, capacity 3870K, committed 3992K, reserved 4400K
}
Event: 6,935 GC heap before
{Heap before GC invocations=7 (full 0):
 PSYoungGen      total 52480K, used 52478K [0x91ac0000, 0x95440000, 0xa7000000)
  eden space 47616K, 100% used [0x91ac0000,0x94940000,0x94940000)
  from space 4864K, 99% used [0x94e80000,0x9533f900,0x95340000)
  to   space 5376K, 0% used [0x94940000,0x94940000,0x94e80000)
 ParOldGen       total 31488K, used 10959K [0x67000000, 0x68ec0000, 0x91ac0000)
  object space 31488K, 34% used [0x67000000,0x67ab3e50,0x68ec0000)
 Metaspace       used 3802K, capacity 3902K, committed 3992K, reserved 4400K

